<?xml version="1.0" encoding="UTF-8"?>
<!-- Generated by org.testng.reporters.JUnitReportReporter -->
<testsuite hostname="LAPTOP-UVCDRKVH" failures="0" tests="1" name="amazon_testcase.LoginToAdd4Product_Tcase" time="53.855" errors="0" timestamp="2022-12-25T14:32:05 PST" skipped="0">
  <testcase classname="amazon_testcase.LoginToAdd4Product_Tcase" name="testcase1" time="53.855"/>
  <system-out/>
</testsuite> <!-- amazon_testcase.LoginToAdd4Product_Tcase -->
