<?xml version="1.0" encoding="UTF-8"?>
<!-- Generated by org.testng.reporters.JUnitReportReporter -->
<testsuite hostname="LAPTOP-UVCDRKVH" failures="0" tests="1" name="amazon_testcase.SearchToCheckPrice_Tcase" time="16.455" errors="0" timestamp="2022-12-25T15:36:01 PST" skipped="0">
  <testcase classname="amazon_testcase.SearchToCheckPrice_Tcase" name="testcase1" time="16.455"/>
  <system-out/>
</testsuite> <!-- amazon_testcase.SearchToCheckPrice_Tcase -->
