<?xml version="1.0" encoding="UTF-8"?>
<!-- Generated by org.testng.reporters.JUnitReportReporter -->
<testsuite hostname="LAPTOP-UVCDRKVH" failures="0" tests="1" name="amazon_testcase.WishlistToCheckout_Tcase" time="24.671" errors="0" timestamp="2022-12-25T15:36:01 PST" skipped="0">
  <testcase classname="amazon_testcase.WishlistToCheckout_Tcase" name="testcase1" time="24.671"/>
  <system-out/>
</testsuite> <!-- amazon_testcase.WishlistToCheckout_Tcase -->
